<?xml version="1.0" encoding="UTF-8"?>
<!-- Generated by org.testng.reporters.JUnitReportReporter -->
<testsuite hostname="DESKTOP-5K5TQRP" failures="0" tests="1" name="TesBasee.TC01_test1" time="4.053" errors="0" timestamp="2023-03-18T22:52:17 GMT-07:00" skipped="0">
  <testcase classname="TesBasee.TC01_test1" name="test_login" time="4.053"/>
  <system-out/>
</testsuite> <!-- TesBasee.TC01_test1 -->
